<?xml version="1.0" encoding="UTF-8"?>
<!-- Generated by org.testng.reporters.JUnitXMLReporter -->
<testsuite ignored="0" hostname="BINTERNS-QA33L" failures="0" tests="9" name="Surefire test" time="132.384" errors="0" timestamp="2023-05-17T10:21:22 IST">
  <testcase classname="Test.HrmsTest" name="Login_with_valid_credentials" time="30.478"/>
  <testcase classname="Test.HrmsTest" name="search_member1" time="13.377"/>
  <testcase classname="Test.HrmsTest" name="update_email_user1" time="11.772"/>
  <testcase classname="Test.HrmsTest" name="search_member2" time="12.221"/>
  <testcase classname="Test.HrmsTest" name="update_email_user2" time="8.888"/>
  <testcase classname="Test.HrmsTest" name="search_member3" time="13.185"/>
  <testcase classname="Test.HrmsTest" name="update_email_user3" time="9.102"/>
  <testcase classname="Test.HrmsTest" name="search_member4" time="24.337"/>
  <testcase classname="Test.HrmsTest" name="update_email_user4" time="8.652"/>
</testsuite> <!-- Surefire test -->
